<?xml version="1.0" encoding="UTF-8"?>
<!-- Generated by org.testng.reporters.JUnitXMLReporter -->
<testsuite hostname="Bills-MBP.home" ignored="0" name="Default test" tests="4" failures="0" timestamp="14 Mar 2020 00:25:34 GMT" time="32.429" errors="0">
  <testcase name="getTitle" time="0.152" classname="tests.LoginPageTest"/>
  <testcase name="loginTest1" time="1.147" classname="tests.LoginPageTest"/>
  <testcase name="loginTest2" time="0.959" classname="tests.LoginPageTest"/>
  <testcase name="loginTest3" time="0.831" classname="tests.LoginPageTest"/>
</testsuite> <!-- Default test -->
